TN:
SF:src\creators\RectangleCreator.ts
FN:14,(anonymous_0)
FNF:1
FNH:1
FNDA:5,(anonymous_0)
DA:1,1
DA:2,1
DA:3,1
DA:6,1
DA:15,5
DA:16,5
DA:17,2
DA:22,3
DA:24,3
DA:31,3
DA:33,2
DA:34,2
LF:12
LH:12
BRDA:16,0,0,2
BRF:1
BRH:1
end_of_record
TN:
SF:src\creators\TetrahedronCreator.ts
FN:14,(anonymous_0)
FNF:1
FNH:1
FNDA:6,(anonymous_0)
DA:1,1
DA:2,1
DA:4,1
DA:6,1
DA:15,6
DA:16,6
DA:17,2
DA:22,4
DA:24,4
DA:31,4
DA:33,2
DA:34,2
LF:12
LH:12
BRDA:16,0,0,2
BRF:1
BRH:1
end_of_record
TN:
SF:src\entities\Point2D.ts
FN:2,(anonymous_0)
FNF:1
FNH:1
FNDA:904,(anonymous_0)
DA:1,5
DA:3,904
DA:4,904
LF:3
LH:3
BRF:0
BRH:0
end_of_record
TN:
SF:src\entities\Point3D.ts
FN:4,(anonymous_0)
FNF:1
FNH:1
FNDA:545,(anonymous_0)
DA:1,5
DA:3,5
DA:4,545
DA:5,545
LF:4
LH:4
BRDA:4,0,0,1
BRF:1
BRH:1
end_of_record
TN:
SF:src\entities\Rectangle.ts
FN:4,(anonymous_0)
FNF:1
FNH:1
FNDA:86,(anonymous_0)
DA:3,5
DA:5,86
DA:6,86
DA:7,86
DA:8,86
DA:9,86
LF:6
LH:6
BRF:0
BRH:0
end_of_record
TN:
SF:src\entities\Tetrahedron.ts
FN:4,(anonymous_0)
FNF:1
FNH:1
FNDA:127,(anonymous_0)
DA:3,5
DA:5,127
DA:6,127
DA:7,127
DA:8,127
DA:9,127
LF:6
LH:6
BRF:0
BRH:0
end_of_record
TN:
SF:src\entities\index.ts
FNF:0
FNH:0
DA:1,5
DA:2,5
DA:3,5
DA:4,5
LF:4
LH:4
BRF:0
BRH:0
end_of_record
TN:
SF:src\logger\Logger.ts
FNF:0
FNH:0
DA:1,2
DA:2,2
DA:4,2
LF:3
LH:3
BRDA:12,0,0,2
BRDA:12,0,1,0
BRF:2
BRH:1
end_of_record
TN:
SF:src\logger\index.ts
FNF:0
FNH:0
DA:1,2
LF:1
LH:1
BRF:0
BRH:0
end_of_record
TN:
SF:src\parsers\InputParser.ts
FN:16,(anonymous_0)
FN:18,(anonymous_1)
FN:22,(anonymous_2)
FN:59,(anonymous_3)
FN:63,(anonymous_4)
FN:67,(anonymous_5)
FN:72,(anonymous_6)
FN:74,(anonymous_7)
FNF:8
FNH:8
FNDA:16,(anonymous_0)
FNDA:6,(anonymous_1)
FNDA:10,(anonymous_2)
FNDA:10,(anonymous_3)
FNDA:15,(anonymous_4)
FNDA:10,(anonymous_5)
FNDA:11,(anonymous_6)
FNDA:132,(anonymous_7)
DA:1,1
DA:13,1
DA:14,16
DA:16,16
DA:19,6
DA:23,10
DA:24,10
DA:26,2
DA:29,2
DA:32,1
DA:33,1
DA:36,2
DA:42,2
DA:45,1
DA:46,1
DA:49,4
DA:50,4
DA:54,0
DA:55,0
DA:60,10
DA:64,15
DA:68,10
DA:69,10
DA:73,11
DA:74,132
LF:25
LH:23
BRDA:24,0,0,2
BRDA:24,0,1,1
BRDA:24,0,2,2
BRDA:24,0,3,1
BRDA:24,0,4,4
BRF:5
BRH:5
end_of_record
TN:
SF:src\services\RectangleService.ts
FN:4,(anonymous_0)
FN:6,(anonymous_1)
FN:26,(anonymous_2)
FN:39,(anonymous_3)
FN:79,(anonymous_4)
FN:84,(anonymous_5)
FN:111,(anonymous_6)
FN:145,(anonymous_7)
FNF:8
FNH:8
FNDA:19,(anonymous_0)
FNDA:2,(anonymous_1)
FNDA:2,(anonymous_2)
FNDA:5,(anonymous_3)
FNDA:2,(anonymous_4)
FNDA:5,(anonymous_5)
FNDA:2,(anonymous_6)
FNDA:5,(anonymous_7)
DA:3,1
DA:4,19
DA:7,2
DA:10,2
DA:13,2
DA:16,2
DA:19,2
DA:23,2
DA:27,2
DA:29,2
DA:32,2
DA:36,2
DA:40,5
DA:43,5
DA:44,5
DA:45,5
DA:46,5
DA:47,5
DA:48,5
DA:49,5
DA:50,5
DA:53,5
DA:54,5
DA:55,5
DA:56,5
DA:59,5
DA:61,5
DA:67,5
DA:68,5
DA:69,5
DA:70,5
DA:73,5
DA:76,5
DA:80,2
DA:81,2
DA:85,5
DA:88,5
DA:91,5
DA:94,5
DA:97,5
DA:102,5
DA:103,5
DA:112,2
DA:115,2
DA:116,2
DA:117,2
DA:118,2
DA:119,2
DA:120,2
DA:121,2
DA:122,2
DA:126,2
DA:130,2
DA:136,2
DA:141,2
DA:146,5
DA:149,5
DA:150,5
DA:151,5
DA:152,5
DA:155,5
LF:61
LH:61
BRDA:61,0,0,5
BRDA:61,0,1,4
BRDA:61,0,2,4
BRDA:61,0,3,4
BRDA:73,1,0,5
BRDA:73,1,1,5
BRDA:76,2,0,5
BRDA:76,2,1,4
BRDA:80,3,0,0
BRDA:104,4,0,5
BRDA:104,4,1,3
BRDA:104,4,2,3
BRDA:104,4,3,3
BRDA:130,5,0,2
BRDA:130,5,1,0
BRDA:130,5,2,2
BRDA:130,5,3,2
BRDA:130,5,4,0
BRDA:136,6,0,2
BRDA:136,6,1,1
BRDA:136,6,2,1
BRDA:136,6,3,0
BRDA:136,6,4,1
BRDA:141,7,0,2
BRDA:141,7,1,2
BRDA:141,7,2,1
BRDA:141,7,3,0
BRDA:156,8,0,5
BRDA:156,8,1,4
BRDA:156,8,2,4
BRDA:156,8,3,3
BRDA:156,8,4,2
BRDA:156,8,5,1
BRDA:156,8,6,1
BRDA:156,8,7,1
BRF:35
BRH:30
end_of_record
TN:
SF:src\services\TetrahedronService.ts
FN:5,(anonymous_0)
FN:7,(anonymous_1)
FN:11,(anonymous_2)
FN:19,(anonymous_3)
FN:23,(anonymous_4)
FN:31,(anonymous_5)
FN:36,(anonymous_6)
FN:41,(anonymous_7)
FN:50,(anonymous_8)
FN:59,(anonymous_9)
FN:63,(anonymous_10)
FN:75,(anonymous_11)
FN:90,(anonymous_12)
FN:105,(anonymous_13)
FN:113,(anonymous_14)
FN:127,(anonymous_15)
FN:128,(anonymous_16)
FN:131,(anonymous_17)
FN:154,(anonymous_18)
FN:162,(anonymous_19)
FNF:20
FNH:20
FNDA:15,(anonymous_0)
FNDA:83,(anonymous_1)
FNDA:29,(anonymous_2)
FNDA:25,(anonymous_3)
FNDA:25,(anonymous_4)
FNDA:4,(anonymous_5)
FNDA:12,(anonymous_6)
FNDA:8,(anonymous_7)
FNDA:25,(anonymous_8)
FNDA:5,(anonymous_9)
FNDA:4,(anonymous_10)
FNDA:9,(anonymous_11)
FNDA:6,(anonymous_12)
FNDA:3,(anonymous_13)
FNDA:2,(anonymous_14)
FNDA:4,(anonymous_15)
FNDA:4,(anonymous_16)
FNDA:30,(anonymous_17)
FNDA:3,(anonymous_18)
FNDA:9,(anonymous_19)
DA:2,1
DA:4,1
DA:5,15
DA:8,83
DA:12,29
DA:20,25
DA:28,25
DA:32,4
DA:33,4
DA:34,4
DA:35,4
DA:36,12
DA:38,4
DA:42,8
DA:51,25
DA:52,25
DA:53,25
DA:55,25
DA:56,25
DA:60,5
DA:65,4
DA:71,4
DA:72,4
DA:73,16
DA:75,9
DA:76,1
DA:80,3
DA:86,3
DA:87,3
DA:88,12
DA:90,6
DA:91,1
DA:95,2
DA:101,2
DA:102,2
DA:103,8
DA:105,3
DA:106,1
DA:109,1
DA:115,2
DA:116,1
DA:119,1
DA:126,1
DA:127,4
DA:128,4
DA:136,30
DA:137,30
DA:139,30
DA:141,18
DA:142,18
DA:155,3
DA:156,3
DA:157,3
DA:159,3
DA:167,9
DA:168,9
DA:169,9
DA:170,9
DA:171,9
DA:173,9
DA:174,36
DA:175,12
DA:177,24
DA:181,9
DA:182,4
DA:183,4
DA:190,5
DA:191,20
DA:192,30
DA:193,30
DA:197,5
DA:198,5
DA:200,5
DA:201,0
DA:207,5
DA:208,3
DA:211,2
DA:212,2
DA:218,2
DA:221,5
LF:80
LH:79
BRDA:73,0,0,16
BRDA:73,0,1,10
BRDA:75,1,0,1
BRDA:88,2,0,12
BRDA:88,2,1,7
BRDA:90,3,0,1
BRDA:103,4,0,8
BRDA:103,4,1,4
BRDA:105,5,0,1
BRDA:115,6,0,1
BRDA:139,7,0,12
BRDA:139,8,0,30
BRDA:139,8,1,18
BRDA:174,9,0,12
BRDA:174,9,1,24
BRDA:181,10,0,4
BRDA:181,11,0,9
BRDA:181,11,1,5
BRDA:184,12,0,0
BRDA:184,12,1,4
BRDA:185,13,0,0
BRDA:185,13,1,4
BRDA:186,14,0,0
BRDA:186,14,1,4
BRDA:193,15,0,18
BRDA:200,16,0,0
BRDA:200,16,1,5
BRDA:207,17,0,3
BRDA:207,17,1,2
BRDA:211,18,0,2
BRF:30
BRH:26
end_of_record
